[09:35:13.000054] INFO  - Write SLEEP = 1 to remote device.
[09:35:13.000056] DEBUG - [device: 0x48]  write addr: 0x0010 value: 0x19
[09:35:13.000058] DEBUG - [device: 0x40]   read addr: 0x0013 value: 0xCA
[09:35:13.000058] INFO  -  ...checking lock status: LOCK = True
[09:35:13.000061] DEBUG - [device: 0x40]   read addr: 0x0013 value: 0xCA
[09:35:13.000061] INFO  -  ...checking lock status: LOCK = True
[09:35:13.000065] DEBUG - [device: 0x40]   read addr: 0x0013 value: 0x06
[09:35:13.000065] INFO  -  ...checking lock status: LOCK = False
[09:35:13.000065] INFO  - Write RESET_LINK = 1 to local device.
[09:35:13.000067] DEBUG - [device: 0x40]  write addr: 0x0010 value: 0x51
[09:35:13.000067] INFO  - Going to sleep.
[09:35:14.000067] INFO  - Waking up.
[09:35:14.000067] INFO  - Write RESET_LINK = 0 to local device.
[09:35:14.000070] DEBUG - [device: 0x40]  write addr: 0x0010 value: 0x11
[09:35:14.000072] DEBUG - [device: 0x40]   read addr: 0x0013 value: 0x06
[09:35:14.000072] INFO  -  ...checking lock status: LOCK = False
[09:35:14.000076] DEBUG - [device: 0x40]   read addr: 0x0013 value: 0x06
[09:35:14.000076] INFO  -  ...checking lock status: LOCK = False
[09:35:14.000080] DEBUG - [device: 0x40]   read addr: 0x0013 value: 0x06
[09:35:14.000080] INFO  -  ...checking lock status: LOCK = False
[09:35:14.000086] DEBUG - [device: 0x40]   read addr: 0x0013 value: 0x06
[09:35:14.000086] INFO  -  ...checking lock status: LOCK = False
[09:35:14.000091] DEBUG - [device: 0x40]   read addr: 0x0013 value: 0x06
[09:35:14.000091] INFO  -  ...checking lock status: LOCK = False
[09:35:14.000096] DEBUG - [device: 0x40]   read addr: 0x0013 value: 0x06
[09:35:14.000098] INFO  -  ...checking lock status: LOCK = False
[09:35:14.000102] DEBUG - [device: 0x40]   read addr: 0x0013 value: 0xC6
[09:35:14.000103] INFO  -  ...checking lock status: LOCK = False
[09:35:14.000106] DEBUG - [device: 0x40]   read addr: 0x0013 value: 0xC6
[09:35:14.000106] INFO  -  ...checking lock status: LOCK = False
[09:35:14.000110] DEBUG - [device: 0x40]   read addr: 0x0013 value: 0xC6
[09:35:14.000110] INFO  -  ...checking lock status: LOCK = False
[09:35:14.000113] DEBUG - [device: 0x40]   read addr: 0x0013 value: 0xCA
[09:35:14.000113] INFO  -  ...checking lock status: LOCK = True
[09:35:14.000113] INFO  - Write SLEEP = 0 to remote device.
[09:35:14.000115] DEBUG - [device: 0x48]  write addr: 0x0010 value: 0x11